C:\ConfStorage\gMetrologyClientSynchronization\ЗагрузкаОбъединениеКонтрагентов.log
 Удаление:  запись Наименование1 = Филиал "Новгородское РАЙПО" НОПС "Новоблпотребсоюз"; ИНН = 5321060586; CUSTOMER_ID = 8905040004
 Удаление:  запись Наименование1 = Широков Николай Васильевич; ИНН = 532200057000; CUSTOMER_ID = 967040004
 Удаление:  запись Наименование1 = ФИЛИАЛ ВЕЛИКИЙ НОВГОРОД Закрытое акционерное общество "ТАНДЕР"; ИНН = 2310031475; CUSTOMER_ID = 8392040004
 Удаление:  запись Наименование1 = ООО"Ника"; ИНН = 5304005190; CUSTOMER_ID = 10035040004
 Удаление:  запись Наименование1 = ЗАО "Электроналадка-Сервис"; ИНН = 4708011127; CUSTOMER_ID = 11271040004
 Удаление:  запись Наименование1 = ФГБУ " Дом отдыха " Валдай" УДПРФ; ИНН = 5302001320; CUSTOMER_ID = 9683040004
 Удаление:  запись Наименование1 = ЗАО "Валдай"; ИНН = 5302009263; CUSTOMER_ID = 11980040004
 Удаление:  запись Наименование1 = МАУДОД "ДООЦ "Гверстянец" филиал ДООЦ"Олимпиец"; ИНН = 5305004721; CUSTOMER_ID = 1851040004
 Удаление:  запись Наименование1 = ГОБУЗ "Маловишерский ЦОВП № 3"; ИНН = 5307006971; CUSTOMER_ID = 7586040004
 Удаление:  запись Наименование1 = ГОБУЗ "Марёвская центральная районная больница"; ИНН = 5308000154; CUSTOMER_ID = 1069040004
 Удаление:  запись Наименование1 = ООО "Флайдерер"; ИНН = 5310011273; CUSTOMER_ID = 8906040004
 Удаление:  запись Наименование1 = ООО" Нефтебаза "; ИНН = 5311005843; CUSTOMER_ID = 912040004
 Удаление:  запись Наименование1 = ООО "Окуловское ДЭП"; ИНН = 5311006050; CUSTOMER_ID = 3695040004
 Удаление:  запись Наименование1 = ООО "Завод Агрокабель"; ИНН = 5311007801; CUSTOMER_ID = 1272040004
 Удаление:  запись Наименование1 = ООО "Парфинский фанерный комбинат"; ИНН = 5312004680; CUSTOMER_ID = 644040004
 Удаление:  запись Наименование1 = ГОБУЗ "Пестовская ЦРБ"; ИНН = 5313000583; CUSTOMER_ID = 466040004
 Удаление:  запись Наименование1 = МО МВД России "Пестовский"; ИНН = 5313007356; CUSTOMER_ID = 8670040004
 Удаление:  запись Наименование1 = Солецкое РАЙПО; ИНН = 5315000324; CUSTOMER_ID = 1322040004
 Удаление:  запись Наименование1 = ООО "Альянс"; ИНН = 5315003244; CUSTOMER_ID = 722040004
 Удаление:  запись Наименование1 = ООО"Хвойнинское ДЭП"; ИНН = 5316005043; CUSTOMER_ID = 860040004
 Удаление:  запись Наименование1 = ОГИБДД ОМВД России по Чудовскому району; ИНН = 5318004454; CUSTOMER_ID = 7118040004
 Удаление:  запись Наименование1 = МАДОУ ЦРР - детский сад №27; ИНН = 5320010222; CUSTOMER_ID = 2241040004
 Удаление:  запись Наименование1 = ГОБОУ детский дом-школа № 1; ИНН = 5320012396; CUSTOMER_ID = 8947040004
 Удаление:  запись Наименование1 = ГОБУЗ "Боровичский областной специализированный дом ребёнка для детей с органическим поражением центральной нервной системы с нарушением психики"; ИНН = 5320014146; CUSTOMER_ID = 7457040004
 Удаление:  запись Наименование1 = ООО "Боровичское ПАТП"; ИНН = 5320016954; CUSTOMER_ID = 1908040004
 Удаление:  запись Наименование1 = ОБУ"Боровичская межрайонная ветеринарная лаборатория"; ИНН = 5320017059; CUSTOMER_ID = 501040004
 Удаление:  запись Наименование1 = АНО "Стоматологическая поликлиника г. Боровичи"; ИНН = 5320017620; CUSTOMER_ID = 1261040004
 Удаление:  запись Наименование1 = ООО"Вюлтон"; ИНН = 5320023302; CUSTOMER_ID = 11516040004
 Удаление:  запись Наименование1 = ЗАО "Втормет - Великий Новгород"; ИНН = 5321034466; CUSTOMER_ID = 4129040004
 Удаление:  запись Наименование1 = Валдайский филиал ОАО "Новгородоблэлектро"; ИНН = 5321037717; CUSTOMER_ID = 8763040004
 Удаление:  запись Наименование1 = ООО "Стоматологическая поликлиника на Псковской"; ИНН = 5321052708; CUSTOMER_ID = 10972040004
 Удаление:  запись Наименование1 = ООО " Амкор ТП Новгород"; ИНН = 5321070760; CUSTOMER_ID = 7991040004
 Удаление:  запись Наименование1 = ООО "Дирол Кэдбери"; ИНН = 5321092250; CUSTOMER_ID = 5396040004
 Удаление:  запись Наименование1 = Областное бюджетное учреждение " Новгородская областная ветеринарная лаборатория"; ИНН = 5321095211; CUSTOMER_ID = 9326040004
 Удаление:  запись Наименование1 = ООО"Новхол"; ИНН = 5321126406; CUSTOMER_ID = 4680040004
 Удаление:  запись Наименование1 = ОАО "Новгородфармация"; ИНН = 5321132777; CUSTOMER_ID = 8339040004
 Удаление:  запись Наименование1 = ИП Крылов А.А.; ИНН = 532116540001; CUSTOMER_ID = 10370040004
 Удаление:  запись Наименование1 = ИП Беляков В.Н.; ИНН = 532200007190; CUSTOMER_ID = 281040004
 Удаление:  запись Наименование1 = ОАО "Завод "Старорусприбор"; ИНН = 5322001086; CUSTOMER_ID = 7184040004
 Удаление:  запись Наименование1 = ИПЛомаев Алексей Валентинович; ИНН = 532200205146; CUSTOMER_ID = 232040004
 Удаление:  запись Наименование1 = ЗАО "Курорт Старая Русса"; ИНН = 5322004369; CUSTOMER_ID = 7837040004
 Удаление:  запись Наименование1 = ООО "Старорусское ДЭП"; ИНН = 5322010034; CUSTOMER_ID = 1471040004
 Удаление:  запись Наименование1 = ООО"Дубрава"; ИНН = 5322010362; CUSTOMER_ID = 231040004
 Удаление:  запись Наименование1 = ОАО "123 АРЗ"; ИНН = 5322010620; CUSTOMER_ID = 7291040004
 Удаление:  запись Наименование1 = ООО "Полисть-тур"; ИНН = 5322013437; CUSTOMER_ID = 1517040004
 Удаление:  запись Наименование1 = ООО "Трио Пирамиды"; ИНН = 5322012264; CUSTOMER_ID = 1372040004
 Удаление:  запись Наименование1 = ИП Иванов А.В.; ИНН = 532202108437; CUSTOMER_ID = 1384040004
 Удаление:  запись Наименование1 = Федеральная сеть ломбардов-кредитных киосков Союз ломбардов ООО"Ломбард Южный Экспресс"; ИНН = 6144006558; CUSTOMER_ID = 11119040004
 Удаление:  запись Наименование1 = Чудовский завод ЖБШ-филиал ОАО "БЭТ"; ИНН = 7708669867; CUSTOMER_ID = 8882040004
 Удаление:  запись Наименование1 = Филиал ФБУЗ "Центр гигиены и эпидемиологии в Новгородской области" в Чудовском районе; ИНН = 5321101472; CUSTOMER_ID = 8711040004
 Удаление:  запись Наименование1 = ООО "Органик Фармасьютикалз"; ИНН = 7730610523; CUSTOMER_ID = 4871040004
 Удаление:  запись Наименование1 = Производственное отделение "Старорусские электрические сети" Филиала  ОАО "МРСК Северо-Запада" "Новгородэнерго"; ИНН = 7802312751; CUSTOMER_ID = 1005040004
 Удаление:  запись Наименование1 = Производственное отделение "Валдайские электрические сети" филиала ОАО "МРСК Северо-Запада" "Новгородэнерго"; ИНН = 7802312751; CUSTOMER_ID = 5711040004
 Удаление:  запись Наименование1 = ООО"Газпром трансгаз Санкт-Петербург"; ИНН = 7805018099; CUSTOMER_ID = 424040004
 Удаление:  запись Наименование1 = ОАО "Ювелирторг" филиал "Алмаз" г. Великий Новгород; ИНН = 7808030658; CUSTOMER_ID = 8903040004
 Удаление:  запись Наименование1 = СЗФ ОАО "МегаФон"; ИНН = 7812014560; CUSTOMER_ID = 2273040004
 Удаление:  запись Наименование1 = ЗАО "ОКА"; ИНН = 7838310691; CUSTOMER_ID = 8773040004
 Удаление:  запись Наименование1 = ООО "ЭнергоИнвест"; ИНН = 7841378040; CUSTOMER_ID = 8898040004
 Удаление:  запись Наименование1 = ООО "Жемчужина"; ИНН = 7842312645; CUSTOMER_ID = 7241040004
 Удаление:  запись Наименование1 = ГОБУЗ "БСПК"; ИНН = 5320001034; CUSTOMER_ID = 2935040004
 Удаление:  запись Наименование1 = ГОБУЗ "Боровичская станция переливания крови"; ИНН = 5320001034; CUSTOMER_ID = 9276040004
 Удаление:  запись Наименование1 = Филиал ФБУЗ "Центр гигиены и эпидемиологии  в Новгородской области в Старорусском районе"; ИНН = 5321101472; CUSTOMER_ID = 8790040004
 Удаление:  запись Наименование1 = ФБУЗ"Центр гигиены и эпидемиологии в Новгородской области"; ИНН = 5321101472; CUSTOMER_ID = 1492040004
 Удаление:  запись Наименование1 = Управление специальной связи по Новгородской области - Филиал ФГУП "ГЦСС"; ИНН = 7717043113; CUSTOMER_ID = 1489040004
 Удаление:  запись Наименование1 = Управление специальной связи по Новгородской области-Филиал ФГУП "ГЦУП"; ИНН = 7717043113; CUSTOMER_ID = 11885040004
 Удаление:  запись Наименование1 = Филиал ФГБУ "Россельхозцентр" по Новгородской области; ИНН = 7708652888; CUSTOMER_ID = 9129040004
 Удаление:  запись Наименование1 = Филиал ФГБУ "Россельхозцентр" по Новгородской области; ИНН = 7708652888; CUSTOMER_ID = 963040004
 Удаление:  запись Наименование1 = ООО "НОВГОРОД-ТОРГ"; ИНН = 5321122899; CUSTOMER_ID = 10221040004
 Удаление:  запись Наименование1 = ООО "Новгород-Торг"; ИНН = 5321122899; CUSTOMER_ID = 1336040004
 Удаление:  запись Наименование1 = ЦЛАТИ по Новгородской области; ИНН = 7801258484; CUSTOMER_ID = 5268040004
 Удаление:  запись Наименование1 = ЦЛАТИ по Новгородской области; ИНН = 7801258484; CUSTOMER_ID = 1141040004
 Удаление:  запись Наименование1 = Филиал ООО "МП ЖКХ  НЖКС" "Старорусский филиал"; ИНН = 5321112202; CUSTOMER_ID = 1035040004
 Удаление:  запись Наименование1 = Филиал ООО "МП ЖКХ  НЖКС"  "Старорусский филиал"; ИНН = 5321112202; CUSTOMER_ID = 8026040004
 Удаление:  запись Наименование1 = Филиал ООО "МП ЖКХ "НЖКС" "ЖКХ  Холмского района"; ИНН = 5321112202; CUSTOMER_ID = 6841040004
 Удаление:  запись Наименование1 = ООО "МП ЖКХ НЖКС"; ИНН = 5321112202; CUSTOMER_ID = 9314040004
 Удаление:  запись Наименование1 = Филиал ООО "МП ЖКХ НЖКС" "Новгородский филиал"; ИНН = 5321112202; CUSTOMER_ID = 7628040004
 Удаление:  запись Наименование1 = ООО "МП ЖКХ НЖКС" "Новгородский филиал"; ИНН = 5321112202; CUSTOMER_ID = 8989040004
 Удаление:  запись Наименование1 = ОАО "БКО"; ИНН = 5320002951; CUSTOMER_ID = 4864040004
 Удаление:  запись Наименование1 = ОАО "БКО"; ИНН = 5320002951; CUSTOMER_ID = 9147040004
 Удаление:  запись Наименование1 = ОАО "БКО"; ИНН = 5320002951; CUSTOMER_ID = 9149040004
 Удаление:  запись Наименование1 = ИП Степанов А.А; ИНН = 532101497804; CUSTOMER_ID = 4540040004
 Удаление:  запись Наименование1 = ИП Степанов А.А.; ИНН = 532101497804; CUSTOMER_ID = 11442040004
 Удаление:  запись Наименование1 = ИП Степанов А.А.; ИНН = 532101497804; CUSTOMER_ID = 2347040004
 Удаление:  запись Наименование1 = ООО "Новгороднефтепродукт"; ИНН = 5321059365; CUSTOMER_ID = 1553040004
 Удаление:  запись Наименование1 = ООО "Новгороднефтепродукт"; ИНН = 5321059365; CUSTOMER_ID = 325040004
 Удаление:  запись Наименование1 = ООО"Новгороднефтепродукт"(Крестецкая нефтебаза); ИНН = 5321059365; CUSTOMER_ID = 1068040004
 Удаление:  запись Наименование1 = Центральный Банк  Российской Федерации; ИНН = 7702235133; CUSTOMER_ID = 8984040004
 Удаление:  запись Наименование1 = ГУ ЦБ РФ по Новгородской области; ИНН = 7702235133; CUSTOMER_ID = 2723040004
 Удаление:  запись Наименование1 = Главное управление Банка России по Новгородской области; ИНН = 7702235133; CUSTOMER_ID = 4128040004
 Удаление:  запись Наименование1 = ОАО "Мстатор"; ИНН = 5320002221; CUSTOMER_ID = 3607040004
 Сопоставление:  запись Наименование1 = ООО "Сельта"; ИНН = 2310053662; CUSTOMER_ID = 8373040004
 Сопоставление:  запись Наименование1 = ООО "КИНЕФ"; ИНН = 4708007089; CUSTOMER_ID = 8140040004
 Сопоставление:  запись Наименование1 = ЗАО "ЭнС"; ИНН = 4708011127; CUSTOMER_ID = 5564040004
 Сопоставление:  запись Наименование1 = ООО "СМЭК"; ИНН = 4708019239; CUSTOMER_ID = 6971040004
 Сопоставление:  запись Наименование1 = ООО "РН-Ладога"; ИНН = 4709007451; CUSTOMER_ID = 9734040004
 Сопоставление:  запись Наименование1 = ОАУСО "Валдайский ПНИ "Приозерный"; ИНН = 5302008118; CUSTOMER_ID = 497040004
 Сопоставление:  запись Наименование1 = ЗАО "Валдай"; ИНН = 5302009263; CUSTOMER_ID = 341040004
 Сопоставление:  запись Наименование1 = ОБУ "Валдайская районная ветеринарная станция"; ИНН = 5302010389; CUSTOMER_ID = 3833040004
 Сопоставление:  запись Наименование1 = ООО "Стройтехнология"; ИНН = 5302013380; CUSTOMER_ID = 11088040004
 Сопоставление:  запись Наименование1 = ГОБУЗ "Волотовская больница"; ИНН = 5303000337; CUSTOMER_ID = 10452040004
 Сопоставление:  запись Наименование1 = ГОБУЗ "Демянская ЦРБ"; ИНН = 5304003524; CUSTOMER_ID = 783040004
 Сопоставление:  запись Наименование1 = ОБУ "Демянская районная ветеринарная станция"; ИНН = 5304004623; CUSTOMER_ID = 5085040004
 Сопоставление:  запись Наименование1 = ООО "Герат"; ИНН = 5304005225; CUSTOMER_ID = 9866040004
 Сопоставление:  запись Наименование1 = ООО "ЛЗМК"; ИНН = 5306006351; CUSTOMER_ID = 1984040004
 Сопоставление:  запись Наименование1 = ООО "Мстинское молоко"; ИНН = 5307005470; CUSTOMER_ID = 2153040004
 Сопоставление:  запись Наименование1 = ИП Голубева А.А.; ИНН = 530900047340; CUSTOMER_ID = 1383040004
 Сопоставление:  запись Наименование1 = МБУ "ДОЛ"Столбово"; ИНН = 5309005363; CUSTOMER_ID = 4785040004
 Сопоставление:  запись Наименование1 = ОАУСО "Мошенской ДИ"; ИНН = 5309005853; CUSTOMER_ID = 1592040004
 Сопоставление:  запись Наименование1 = ОАО "Подберезский комбинат хлебопродуктов"; ИНН = 5310002208; CUSTOMER_ID = 1708040004
 Сопоставление:  запись Наименование1 = ИП Изотова Т.Н.; ИНН = 531000861117; CUSTOMER_ID = 8132040004
 Сопоставление:  запись Наименование1 = ОАУЗ "Санаторий "Мать и дитя"; ИНН = 5310009732; CUSTOMER_ID = 1253040004
 Сопоставление:  запись Наименование1 = ООО "ИКЕА Индастри Новгород"; ИНН = 5310011273; CUSTOMER_ID = 10848040004
 Сопоставление:  запись Наименование1 = ОАУСО "Новгородский ДИ"; ИНН = 5310012407; CUSTOMER_ID = 9020040004
 Сопоставление:  запись Наименование1 = ООО "Велес"; ИНН = 5310013180; CUSTOMER_ID = 2970040004
 Сопоставление:  запись Наименование1 = ОАО "Угловский известковый комбинат"; ИНН = 5311001214; CUSTOMER_ID = 266040004
 Сопоставление:  запись Наименование1 = ОМВД России по Окуловскому району; ИНН = 5311001824; CUSTOMER_ID = 8129040004
 Сопоставление:  запись Наименование1 = ИП Анисимова Т.П.; ИНН = 531100263209; CUSTOMER_ID = 11523040004
 Сопоставление:  запись Наименование1 = ООО "Ален"; ИНН = 5311005917; CUSTOMER_ID = 1444040004
 Сопоставление:  запись Наименование1 = ООО "Завод Агрокабель"; ИНН = 5311007801; CUSTOMER_ID = 3665040004
 Сопоставление:  запись Наименование1 = ГОБУЗ "Парфинская ЦРБ"; ИНН = 5312000710; CUSTOMER_ID = 1565040004
 Сопоставление:  запись Наименование1 = ООО "МП Водоканал Парфинского района"; ИНН = 5312004673; CUSTOMER_ID = 11471040004
 Сопоставление:  запись Наименование1 = ИП Посеев Р.Ж.; ИНН = 531300027368; CUSTOMER_ID = 3242040004
 Сопоставление:  запись Наименование1 = ОАО "Пестовское АТП"; ИНН = 5313000287; CUSTOMER_ID = 200040004
 Сопоставление:  запись Наименование1 = ГОБУЗ "Пестовская ЦРБ"; ИНН = 5313000583; CUSTOMER_ID = 2693040004
 Сопоставление:  запись Наименование1 = ОАУСО "Пестовский ДИ"; ИНН = 5313004901; CUSTOMER_ID = 4314040004
 Сопоставление:  запись Наименование1 = ООО "Пестовохлеб"; ИНН = 5313006218; CUSTOMER_ID = 8919040004
 Сопоставление:  запись Наименование1 = ИП Сазанов И.А.; ИНН = 531500050830; CUSTOMER_ID = 10842040004
 Сопоставление:  запись Наименование1 = ООО "Альянс"; ИНН = 5315003244; CUSTOMER_ID = 6131040004
 Сопоставление:  запись Наименование1 = ОБУСО "Хвойнинский ДИ "Песь"; ИНН = 5316004593; CUSTOMER_ID = 3905040004
 Сопоставление:  запись Наименование1 = ООО "Кристалл"; ИНН = 5316005124; CUSTOMER_ID = 4862040004
 Сопоставление:  запись Наименование1 = ООО "Холмское ПАТП"; ИНН = 5317002743; CUSTOMER_ID = 9569040004
 Сопоставление:  запись Наименование1 = ОМВД России по Чудовскому району Новгородской области; ИНН = 5318004454; CUSTOMER_ID = 9451040004
 Сопоставление:  запись Наименование1 = ООО "ЧАТС"; ИНН = 5318009212; CUSTOMER_ID = 7322040004
 Сопоставление:  запись Наименование1 = ИП Еремин В.Е.; ИНН = 532000022674; CUSTOMER_ID = 4723040004
 Сопоставление:  запись Наименование1 = МУП "Комбинат школьного питания"; ИНН = 5320000584; CUSTOMER_ID = 451040004
 Сопоставление:  запись Наименование1 = ГОБУЗ "БПНД"; ИНН = 5320000778; CUSTOMER_ID = 4311040004
 Сопоставление:  запись Наименование1 = ОАО "Вельгийская бумажная фабрика"; ИНН = 5320000841; CUSTOMER_ID = 834040004
 Сопоставление:  запись Наименование1 = ООО "Дантист"; ИНН = 5320002084; CUSTOMER_ID = 2082040004
 Сопоставление:  запись Наименование1 = ОАО "БКО"; ИНН = 5320002951; CUSTOMER_ID = 9148040004
 Сопоставление:  запись Наименование1 = ЗАО "Суворовец"; ИНН = 5320008456; CUSTOMER_ID = 4697040004
 Сопоставление:  запись Наименование1 = МАДОУ ЦРР детский сад № 13; ИНН = 5320010134; CUSTOMER_ID = 3718040004
 Сопоставление:  запись Наименование1 = МАДОУ детский сад № 19; ИНН = 5320010173; CUSTOMER_ID = 1802040004
 Сопоставление:  запись Наименование1 = ЗАО "Боровичская ДПМК"; ИНН = 5320011843; CUSTOMER_ID = 1276040004
 Сопоставление:  запись Наименование1 = ООО "Актион"; ИНН = 5320012445; CUSTOMER_ID = 2026040004
 Сопоставление:  запись Наименование1 = МБУК "Городская ЦБС"; ИНН = 5320013329; CUSTOMER_ID = 1835040004
 Сопоставление:  запись Наименование1 = ООО "Завод Эльбор"; ИНН = 5320014178; CUSTOMER_ID = 363040004
 Сопоставление:  запись Наименование1 = ИП Худяков С.И.; ИНН = 532001547748; CUSTOMER_ID = 9080040004
 Сопоставление:  запись Наименование1 = ООО "НОРМИН"; ИНН = 5320016295; CUSTOMER_ID = 1751040004
 Сопоставление:  запись Наименование1 = ООО "Энергия"; ИНН = 5320016880; CUSTOMER_ID = 1051040004
 Сопоставление:  запись Наименование1 = ОБУ "Боровичская межрайветлаборатория"; ИНН = 5320017059; CUSTOMER_ID = 8996040004
 Сопоставление:  запись Наименование1 = ЗАО "Боровичи-Мебель"; ИНН = 5320017595; CUSTOMER_ID = 11723040004
 Сопоставление:  запись Наименование1 = ООО "Агро-Волок"; ИНН = 5320018800; CUSTOMER_ID = 1376040004
 Сопоставление:  запись Наименование1 = ООО "Юг"; ИНН = 5320019070; CUSTOMER_ID = 3510040004
 Сопоставление:  запись Наименование1 = ООО "Аварийно-Диспетчерская Служба"; ИНН = 5320019641; CUSTOMER_ID = 9167040004
 Сопоставление:  запись Наименование1 = ООО "ПИРОС"; ИНН = 5320020125; CUSTOMER_ID = 5088040004
 Сопоставление:  запись Наименование1 = ООО "Боровичский продукт"; ИНН = 5320023084; CUSTOMER_ID = 9117040004
 Сопоставление:  запись Наименование1 = ООО "Карина"; ИНН = 5320023165; CUSTOMER_ID = 5000040004
 Сопоставление:  запись Наименование1 = ООО "Вюлтон"; ИНН = 5320023302; CUSTOMER_ID = 9049040004
 Сопоставление:  запись Наименование1 = ТСЖ "Астра"; ИНН = 5320023888; CUSTOMER_ID = 11132040004
 Сопоставление:  запись Наименование1 = ПБОЮЛ Даутов Руслан Равильевич; ИНН = 532100156287; CUSTOMER_ID = 7642040004
 Сопоставление:  запись Наименование1 = ИП Степанов А.А.; ИНН = 532101497804; CUSTOMER_ID = 10375040004
 Сопоставление:  запись Наименование1 = ООО "София плюс"; ИНН = 5321025239; CUSTOMER_ID = 5713040004
 Сопоставление:  запись Наименование1 = ОАУСО "Новгородский ПНИ"; ИНН = 5321028014; CUSTOMER_ID = 6011040004
 Сопоставление:  запись Наименование1 = ОАО "Контур"; ИНН = 5321034434; CUSTOMER_ID = 7972040004
 Сопоставление:  запись Наименование1 = ЗАО "Втормет-Великий Новгород"; ИНН = 5321034466; CUSTOMER_ID = 7832040004
 Сопоставление:  запись Наименование1 = ОАО "Новгород Лада"; ИНН = 5321036008; CUSTOMER_ID = 2415040004
 Сопоставление:  запись Наименование1 = 6-й отряд противопожарной службы Новгородской области; ИНН = 5321037989; CUSTOMER_ID = 845040004
 Сопоставление:  запись Наименование1 = 11-й отряд противопожарной службы Новгородской области; ИНН = 5321037989; CUSTOMER_ID = 8973040004
 Сопоставление:  запись Наименование1 = ГОБУЗ "Новгородский областной психоневрологический диспансер"; ИНН = 5321038326; CUSTOMER_ID = 3477040004
 Сопоставление:  запись Наименование1 = МАОУ "Гимназия № 3"; ИНН = 5321045919; CUSTOMER_ID = 3245040004
 Сопоставление:  запись Наименование1 = ГОБУЗ "Новгородская областная клиническая психиатрическая больница"; ИНН = 5321046937; CUSTOMER_ID = 6988040004
 Сопоставление:  запись Наименование1 = ГОКУ МЦ "Резерв"; ИНН = 5321047257; CUSTOMER_ID = 7799040004
 Сопоставление:  запись Наименование1 = МАДОУ "Детский сад № 62 общеразвивающего вида"; ИНН = 5321047867; CUSTOMER_ID = 7844040004
 Сопоставление:  запись Наименование1 = ГОБУЗ "Молочная кухня"; ИНН = 5321053691; CUSTOMER_ID = 8873040004
 Сопоставление:  запись Наименование1 = ООО "Трест-2"; ИНН = 5321057826; CUSTOMER_ID = 8555040004
 Сопоставление:  запись Наименование1 = ООО "Палив"; ИНН = 5321059037; CUSTOMER_ID = 3482040004
 Сопоставление:  запись Наименование1 = ООО "Грейп"; ИНН = 5321059291; CUSTOMER_ID = 7664040004
 Сопоставление:  запись Наименование1 = ООО "Новгороднефтепродукт"; ИНН = 5321059365; CUSTOMER_ID = 6417040004
 Сопоставление:  запись Наименование1 = ИП Орнатская С.П.; ИНН = 532106344738; CUSTOMER_ID = 8884040004
 Сопоставление:  запись Наименование1 = ИП Шитикова Л.А.; ИНН = 532106853196; CUSTOMER_ID = 5694040004
 Сопоставление:  запись Наименование1 = ООО "Новгородский автоагрегатный завод"; ИНН = 5321069290; CUSTOMER_ID = 2320040004
 Сопоставление:  запись Наименование1 = ООО "Амкор ТП Новгород"; ИНН = 5321070760; CUSTOMER_ID = 7490040004
 Сопоставление:  запись Наименование1 = ООО "Газпром межрегионгаз Великий Новгород"; ИНН = 5321073497; CUSTOMER_ID = 5144040004
 Сопоставление:  запись Наименование1 = МАОУДОД "СДЮСШОР "Манеж"; ИНН = 5321074839; CUSTOMER_ID = 8891040004
 Сопоставление:  запись Наименование1 = ООО "БНВ"; ИНН = 5321086560; CUSTOMER_ID = 1838040004
 Сопоставление:  запись Наименование1 = ООО "Дирол Кэдбери"; ИНН = 5321092250; CUSTOMER_ID = 5390040004
 Сопоставление:  запись Наименование1 = ФКУ "ГБ МСЭ по Новгородской области" Минтруда России; ИНН = 5321100888; CUSTOMER_ID = 9072040004
 Сопоставление:  запись Наименование1 = ООО "Комплекс-Сервис"; ИНН = 5321103906; CUSTOMER_ID = 11306040004
 Сопоставление:  запись Наименование1 = ООО "Электротехсервис-Н"; ИНН = 5321105727; CUSTOMER_ID = 3497040004
 Сопоставление:  запись Наименование1 = ООО "Рубеж"; ИНН = 5321107114; CUSTOMER_ID = 996040004
 Сопоставление:  запись Наименование1 = ООО "Новгородское ДРП"; ИНН = 5321107555; CUSTOMER_ID = 5326040004
 Сопоставление:  запись Наименование1 = ООО "Компенз"; ИНН = 5321108076; CUSTOMER_ID = 10525040004
 Сопоставление:  запись Наименование1 = ИП Шадская Л.Ф.; ИНН = 532111069413; CUSTOMER_ID = 6392040004
 Сопоставление:  запись Наименование1 = ООО "Оптика"; ИНН = 5321116567; CUSTOMER_ID = 4212040004
 Сопоставление:  запись Наименование1 = ООО "Шлангенз"; ИНН = 5321118444; CUSTOMER_ID = 9075040004
 Сопоставление:  запись Наименование1 = ООО "100 Ампер"; ИНН = 5321121937; CUSTOMER_ID = 8825040004
 Сопоставление:  запись Наименование1 = ООО "Бизнес Металл Транс"; ИНН = 5321122313; CUSTOMER_ID = 5302040004
 Сопоставление:  запись Наименование1 = ООО "Новхол"; ИНН = 5321126406; CUSTOMER_ID = 7179040004
 Сопоставление:  запись Наименование1 = ОАУСО "Новгородский ЦСО "Забота"; ИНН = 5321136443; CUSTOMER_ID = 7594040004
 Сопоставление:  запись Наименование1 = ООО "Компенз-Эластик"; ИНН = 5321136725; CUSTOMER_ID = 11637040004
 Сопоставление:  запись Наименование1 = ООО "Лифтэксперт"; ИНН = 5321137278; CUSTOMER_ID = 7793040004
 Сопоставление:  запись Наименование1 = ООО "МЭСК"; ИНН = 5321148897; CUSTOMER_ID = 9005040004
 Сопоставление:  запись Наименование1 = ОАО "НПО "Квант"; ИНН = 5321151441; CUSTOMER_ID = 8980040004
 Сопоставление:  запись Наименование1 = ООО "Лаборатория "Агропромстандарт"; ИНН = 5321153304; CUSTOMER_ID = 6463040004
 Сопоставление:  запись Наименование1 = ООО "Компенз-Вибро"; ИНН = 5321156136; CUSTOMER_ID = 11642040004
 Сопоставление:  запись Наименование1 = ОАО "Новгород АГП"; ИНН = 5321157852; CUSTOMER_ID = 4500040004
 Сопоставление:  запись Наименование1 = ООО "Стоматологическая поликлиника № 2"; ИНН = 5321159666; CUSTOMER_ID = 5973040004
 Сопоставление:  запись Наименование1 = ИП Горбачева О.А.; ИНН = 532116640084; CUSTOMER_ID = 7831040004
 Сопоставление:  запись Наименование1 = ИП Шувалова Н.В.; ИНН = 532118878156; CUSTOMER_ID = 2669040004
 Сопоставление:  запись Наименование1 = ИП Беляков В.Н.; ИНН = 532200007190; CUSTOMER_ID = 9704040004
 Сопоставление:  запись Наименование1 = ИП Ефимова С.Д.; ИНН = 532200035014; CUSTOMER_ID = 9660040004
 Сопоставление:  запись Наименование1 = ОАО "Завод "Старорусприбор"; ИНН = 5322001086; CUSTOMER_ID = 37040004
 Сопоставление:  запись Наименование1 = ИП Гогашидзе Т.Д.; ИНН = 532200234595; CUSTOMER_ID = 9659040004
 Сопоставление:  запись Наименование1 = ПБОЮЛ Ленин В.А.; ИНН = 532200251424; CUSTOMER_ID = 1284040004
 Сопоставление:  запись Наименование1 = ПБОЮЛ Белякова Н.Е.; ИНН = 532200463436; CUSTOMER_ID = 9703040004
 Сопоставление:  запись Наименование1 = Егоров П.И.; ИНН = 532200575394; CUSTOMER_ID = 608040004
 Сопоставление:  запись Наименование1 = ООО "Лакто-Новгород"; ИНН = 5322007151; CUSTOMER_ID = 1408040004
 Сопоставление:  запись Наименование1 = МУП "Стоматологическая поликлиника"; ИНН = 5322008148; CUSTOMER_ID = 1305040004
 Сопоставление:  запись Наименование1 = ООО "Широков"; ИНН = 5322008998; CUSTOMER_ID = 191040004
 Сопоставление:  запись Наименование1 = ООО "Максимыч"; ИНН = 5322010316; CUSTOMER_ID = 9698040004
 Сопоставление:  запись Наименование1 = ЧП Ильина Раиса Петровна; ИНН = 532201036973; CUSTOMER_ID = 1367040004
 Сопоставление:  запись Наименование1 = ОАО "123 АРЗ"; ИНН = 5322010620; CUSTOMER_ID = 1338040004
 Сопоставление:  запись Наименование1 = ООО "Трио Пирамиды"; ИНН = 5322012264; CUSTOMER_ID = 8253040004
 Сопоставление:  запись Наименование1 = ИП Костаков П.А.; ИНН = 532201522927; CUSTOMER_ID = 1508040004
 Сопоставление:  запись Наименование1 = ИП Иванов А.В.; ИНН = 532202108437; CUSTOMER_ID = 5773040004
 Сопоставление:  запись Наименование1 = ИП Ломаев А.В.; ИНН = 532202113571; CUSTOMER_ID = 9662040004
 Сопоставление:  запись Наименование1 = ИП Никитина Н.В.; ИНН = 532202249808; CUSTOMER_ID = 661040004
 Сопоставление:  запись Наименование1 = ИП Васильев С.В.; ИНН = 532203582618; CUSTOMER_ID = 990040004
 Сопоставление:  запись Наименование1 = ИП Валько Е.Г.; ИНН = 532204133855; CUSTOMER_ID = 11189040004
 Сопоставление:  запись Наименование1 = ООО "Транзит"; ИНН = 6722010538; CUSTOMER_ID = 450040004
 Сопоставление:  запись Наименование1 = ООО "СС-Ресторанс энд Кафе"; ИНН = 7705799032; CUSTOMER_ID = 10839040004
 Сопоставление:  запись Наименование1 = ООО "АДАМАС-Ювелирторг"; ИНН = 7715711069; CUSTOMER_ID = 7029040004
 Сопоставление:  запись Наименование1 = ООО "ТПА"; ИНН = 7716600442; CUSTOMER_ID = 11582040004
 Сопоставление:  запись Наименование1 = ООО "ФортеГрупп"; ИНН = 7722589003; CUSTOMER_ID = 10504040004
 Сопоставление:  запись Наименование1 = ООО "Органик Фармасьютикалз"; ИНН = 7730610523; CUSTOMER_ID = 8880040004
 Сопоставление:  запись Наименование1 = ИП Суханова Е.П.; ИНН = 780700256008; CUSTOMER_ID = 9614040004
 Сопоставление:  запись Наименование1 = ОАО "Ювелирторг филиал Алмаз"; ИНН = 7808030658; CUSTOMER_ID = 8299040004
 Сопоставление:  запись Наименование1 = ОАО "МегаФон"; ИНН = 7812014560; CUSTOMER_ID = 6920040004
 Сопоставление:  запись Наименование1 = ООО "Производственный комбинат Волотовский"; ИНН = 7816460012; CUSTOMER_ID = 812040004
 Сопоставление:  запись Наименование1 = ООО "Поддорский маслозавод"; ИНН = 7816511764; CUSTOMER_ID = 9794040004
 Сопоставление:  запись Наименование1 = ЗАО Объединение "Комплексная автоматизация"; ИНН = 7838310691; CUSTOMER_ID = 6306040004
 Сопоставление:  запись Наименование1 = ООО " Терра Текс"; ИНН = 7838336837; CUSTOMER_ID = 11971040004
 Сопоставление:  запись Наименование1 = ООО "ЭнергоИнвест"; ИНН = 7841378040; CUSTOMER_ID = 9931040004
 Изменение:  запись Наименование1 = ГОУП "Вече"; ИНН = 5321033550; CUSTOMER_ID = 11219040004
 Изменение:  запись Наименование1 = ИП Авакян  Р.Г.; ИНН = 784801482755; CUSTOMER_ID = 3435040004
 Сопоставление:  запись Наименование1 = Северо-Западное Таможенное Управление Санкт-Петербургская Таможня; ИНН = 7830001998; CUSTOMER_ID = 11924040004
 Сопоставление:  запись Наименование1 = ООО "Гидротерм инжиниринг Северо-Запад"; ИНН = 7816479292; CUSTOMER_ID = 11628040004
 Сопоставление:  запись Наименование1 = ООО "Лента"; ИНН = 7814148471; CUSTOMER_ID = 7334040004
 Изменение:  запись Наименование1 = Общество с.ограниченной ответственностью "Газотранспортные коммуникации"; ИНН = 7813430490; CUSTOMER_ID = 11761040004
 Сопоставление:  запись Наименование1 = ООО "ГТК"; ИНН = 7813430490; CUSTOMER_ID = 11761040004
 Сопоставление:  запись Наименование1 = ЗАО "РОСТЭК - Псков"; ИНН = 6027077428; CUSTOMER_ID = 7990040004
 Изменение:  запись Наименование1 = ИП Васильева Анна Иосифовна; ИНН = 532202310259; CUSTOMER_ID = 10971040004
 Сопоставление:  запись Наименование1 = ИП Васильева А.И.; ИНН = 532202310259; CUSTOMER_ID = 10971040004
 Сопоставление:  запись Наименование1 = ИП Прокофьева  Ольга  Олеговна; ИНН = 532202407356; CUSTOMER_ID = 712040004
 Сопоставление:  запись Наименование1 = ИП Ефимов Анатолий Валенрьевич; ИНН = 532203659500; CUSTOMER_ID = 11007040004
 Сопоставление:  запись Наименование1 = ООО"Электроинженеринг"; ИНН = 5903080380; CUSTOMER_ID = 11785040004
 Сопоставление:  запись Наименование1 = МАОУ СОШ д.Сусолово Старорусского района Новгородской области; ИНН = 5322004834; CUSTOMER_ID = 1364040004
 Сопоставление:  запись Наименование1 = МАОУ "Начальная школа детский сад д.Буреги"; ИНН = 5322004922; CUSTOMER_ID = 11210040004
 Сопоставление:  запись Наименование1 = МАДОУ детский сад д.Дубовицы "Домовёнок"; ИНН = 5322005041; CUSTOMER_ID = 1193040004
 Сопоставление:  запись Наименование1 = МАОУ СОШ №2 им. Ф.М.Достоевского с углубленным изучением английского языка"; ИНН = 5322005891; CUSTOMER_ID = 1032040004
 Сопоставление:  запись Наименование1 = ГОБУЗ  "Старорусский межрайонный противотуберкулезный диспансер"; ИНН = 5322008797; CUSTOMER_ID = 9197040004
 Сопоставление:  запись Наименование1 = ООО "Старорусское ДЭП"; ИНН = 5322010034; CUSTOMER_ID = 3241040004
 Сопоставление:  запись Наименование1 = ООО "Дубрава"; ИНН = 5322010362; CUSTOMER_ID = 9808040004
 Сопоставление:  запись Наименование1 = МАУ "Детский оздоровительный лагерь  "Лесная сказка"; ИНН = 5322011239; CUSTOMER_ID = 859040004
 Сопоставление:  запись Наименование1 = ФГКУ "3 отряд ФПС  по Новгородской области"; ИНН = 5322011743; CUSTOMER_ID = 7676040004
 Сопоставление:  запись Наименование1 = МАДОУ детский сад №5 "Звёздочка"; ИНН = 5322012472; CUSTOMER_ID = 1164040004
 Сопоставление:  запись Наименование1 = Старорусское районное потребительское общество; ИНН = 5322014046; CUSTOMER_ID = 943040004
 Сопоставление:  запись Наименование1 = КФК Осин Евгений Васильевич; ИНН = 532201963632; CUSTOMER_ID = 11547040004
 Сопоставление:  запись Наименование1 = ИП Сидоров Н.Ф.; ИНН = 532202033950; CUSTOMER_ID = 9755040004
 Сопоставление:  запись Наименование1 = ЗАО "Псковская медтехника"; ИНН = 6027153534; CUSTOMER_ID = 11913040004
 Сопоставление:  запись Наименование1 = ООО '' Ломбард Южный Экспресс''; ИНН = 6144006558; CUSTOMER_ID = 11108040004
 Сопоставление:  запись Наименование1 = ИП Нилов В.А.; ИНН = 650802863747; CUSTOMER_ID = 9343040004
 Сопоставление:  запись Наименование1 = И.П.Ларсанова Э.А,; ИНН = 690101894164; CUSTOMER_ID = 11026040004
 Сопоставление:  запись Наименование1 = ГУ ЦБ РФ по Новгородской  области; ИНН = 7702235133; CUSTOMER_ID = 4762040004
 Сопоставление:  запись Наименование1 = ООО "Газпром трансгаз Санкт-Петербург"; ИНН = 7805018099; CUSTOMER_ID = 7918040004
 Сопоставление:  запись Наименование1 = ООО "СмартВес"; ИНН = 7806108926; CUSTOMER_ID = 11804040004
 Сопоставление:  запись Наименование1 = Старорусский медико-инструментальный завод ОАО «Красногвардеец»; ИНН = 7813047223; CUSTOMER_ID = 43040004
 Изменение:  запись Наименование1 = Филиал ОАО "Мостострой № 6" Мостоотряд № 75; ИНН = 7812046562; CUSTOMER_ID = 8213040004
 Сопоставление:  запись Наименование1 = Дом отдыха "Валдай"; ИНН = 5302001320; CUSTOMER_ID = 86040004
 Сопоставление:  запись Наименование1 = ГОБУЗ "Валдайский наркологический диспансер"; ИНН = 5302008076; CUSTOMER_ID = 1158040004
 Сопоставление:  запись Наименование1 = ООО"ВАЛДАЙЛЕССТРОЙ"; ИНН = 5302009721; CUSTOMER_ID = 9806040004
 Сопоставление:  запись Наименование1 = ООО "Валдайское автотранспортное предприятие"; ИНН = 5302010364; CUSTOMER_ID = 526040004
 Сопоставление:  запись Наименование1 = МОУСОШ п.Демянск (Демянская седняя школа); ИНН = 5304000280; CUSTOMER_ID = 991040004
 Сопоставление:  запись Наименование1 = МАДОУ детский сад общеобразовательного вида "Теремок" п.Кневицы; ИНН = 5304000467; CUSTOMER_ID = 950040004
 Сопоставление:  запись Наименование1 = МАОУ ООШ п. Кневицы; ИНН = 5304000481; CUSTOMER_ID = 970040004
 Сопоставление:  запись Наименование1 = МАДОУ  детский  сад "Семицветик"; ИНН = 5304000900; CUSTOMER_ID = 9776040004
 Сопоставление:  запись Наименование1 = МАОУСОШ с. Лычково им. Героя Советского Союза И. В. Стружкина; ИНН = 5304000932; CUSTOMER_ID = 955040004
 Сопоставление:  запись Наименование1 = ОАУСО "Демянский ДИ"; ИНН = 5304004510; CUSTOMER_ID = 1466040004
 Сопоставление:  запись Наименование1 = ОАО "Никольский  рыборазводный  завод  им. В.П.Врасского"; ИНН = 5304005426; CUSTOMER_ID = 9845040004
 Сопоставление:  запись Наименование1 = ГОБУЗ '' ЦОВП  с. Лычково''; ИНН = 5304005585; CUSTOMER_ID = 810040004
 Сопоставление:  запись Наименование1 = ГОБУЗ "Крестецкая центральная районная больница"; ИНН = 5305000477; CUSTOMER_ID = 5608040004
 Сопоставление:  запись Наименование1 = МАУДОД "ДООЦ"  "Гверстянец"; ИНН = 5305004721; CUSTOMER_ID = 6423040004
 Сопоставление:  запись Наименование1 = ООО "Агрохолдинг "Устьволмский"; ИНН = 5305006260; CUSTOMER_ID = 8957040004
 Сопоставление:  запись Наименование1 = ИП Иванова О.В.; ИНН = 530600000598; CUSTOMER_ID = 1192040004
 Сопоставление:  запись Наименование1 = ОБУСО "Любытинский социальный приют для детей и подростков"; ИНН = 5306000342; CUSTOMER_ID = 2115040004
 Сопоставление:  запись Наименование1 = ГОБУЗ  "Зарубинская  ЦРБ"; ИНН = 5306001890; CUSTOMER_ID = 4737040004
 Сопоставление:  запись Наименование1 = ООО "Берёзка"; ИНН = 5306005950; CUSTOMER_ID = 1371040004
 Сопоставление:  запись Наименование1 = ГОБУЗ  "ОТБ "Шереховичи"; ИНН = 5306006150; CUSTOMER_ID = 4172040004
 Сопоставление:  запись Наименование1 = ООО "Сетново"; ИНН = 5306006224; CUSTOMER_ID = 10853040004
 Сопоставление:  запись Наименование1 = ООО"Любытинское ДЭП"; ИНН = 5306006545; CUSTOMER_ID = 9311040004
 Сопоставление:  запись Наименование1 = И.П.Петров Л.В.; ИНН = 530600653910; CUSTOMER_ID = 11553040004
 Сопоставление:  запись Наименование1 = ГОБУЗ "Большевишерский ЦОВП"; ИНН = 5307005696; CUSTOMER_ID = 6142040004
 Сопоставление:  запись Наименование1 = ГОБУЗ "Маловишерский ЦОВП №1"; ИНН = 5307005921; CUSTOMER_ID = 6143040004
 Сопоставление:  запись Наименование1 = ГОБУЗ "Маловишерский ЦОВП № 2"; ИНН = 5307006178; CUSTOMER_ID = 6790040004
 Сопоставление:  запись Наименование1 = ГОБУЗ "Маловишерский  центр общей  врачебной  практики № 3"; ИНН = 5307006971; CUSTOMER_ID = 5716040004
 Сопоставление:  запись Наименование1 = МУП "Жилищно-коммунальное хозяйство Маловишерского муниципального района"; ИНН = 5307008136; CUSTOMER_ID = 6837040004
 Сопоставление:  запись Наименование1 = ГОБУЗ  "Маревская ЦРБ"; ИНН = 5308000154; CUSTOMER_ID = 4167040004
 Сопоставление:  запись Наименование1 = ИП КФХ Никифорова Н.А.; ИНН = 530900002003; CUSTOMER_ID = 11445040004
 Сопоставление:  запись Наименование1 = ОБУСО"Мошенской ЦСО"; ИНН = 5309003616; CUSTOMER_ID = 9224040004
 Сопоставление:  запись Наименование1 = ОБУСО " Мошенской  СП"; ИНН = 5309005395; CUSTOMER_ID = 3049040004
 Сопоставление:  запись Наименование1 = ОАО "Подберезский комбинат хлебопродуктов"; ИНН = 5310002208; CUSTOMER_ID = 1708040004
 Сопоставление:  запись Наименование1 = МАДОУ №7 " Детский сад комбинированного вида " п. Пролетарий; ИНН = 5310003120; CUSTOMER_ID = 8690040004
 Сопоставление:  запись Наименование1 = МАДОУ  №27 " Детский сад комбинированного вида" д.Савино; ИНН = 5310016546; CUSTOMER_ID = 8699040004
 Сопоставление:  запись Наименование1 = ИП Киракосян Г.М; ИНН = 531004368174; CUSTOMER_ID = 9912040004
 Сопоставление:  запись Наименование1 = И.П.Луговая О.А.; ИНН = 531004754532; CUSTOMER_ID = 10197040004
 Сопоставление:  запись Наименование1 = ИП Мануилов С.В.; ИНН = 531100017595; CUSTOMER_ID = 4913040004
 Сопоставление:  запись Наименование1 = ИП Иванов Г.П.; ИНН = 531100038059; CUSTOMER_ID = 4642040004
 Сопоставление:  запись Наименование1 = МАДОУ Детский сад №6 г.Окуловка; ИНН = 5311000683; CUSTOMER_ID = 9046040004
 Сопоставление:  запись Наименование1 = ГОБС(К) ОУ Школа-интернат VIII вида №5; ИНН = 5311000958; CUSTOMER_ID = 4889040004
 Сопоставление:  запись Наименование1 = ГОБУЗ  "Окуловская ЦРБ"; ИНН = 5311001790; CUSTOMER_ID = 4181040004
 Сопоставление:  запись Наименование1 = ЧП Леонтьева И.А.; ИНН = 531100312248; CUSTOMER_ID = 1542040004
 Сопоставление:  запись Наименование1 = ООО "Окуловское ПАТП"; ИНН = 5311005593; CUSTOMER_ID = 7597040004
 Сопоставление:  запись Наименование1 = ООО"ВИКТОРИЯ"; ИНН = 5311006036; CUSTOMER_ID = 2705040004
 Сопоставление:  запись Наименование1 = ООО "Окуловское Дорожно-эксплуатационное предприятие"; ИНН = 5311006050; CUSTOMER_ID = 1438040004
 Сопоставление:  запись Наименование1 = МАДОУ " Детский сад №5" г.Окуловка; ИНН = 5311007167; CUSTOMER_ID = 9030040004
 Сопоставление:  запись Наименование1 = ООО "Ален плюс"; ИНН = 5311007544; CUSTOMER_ID = 9177040004
 Сопоставление:  запись Наименование1 = ИП Сухаревская Н.Г.; ИНН = 531101271347; CUSTOMER_ID = 2564040004
 Сопоставление:  запись Наименование1 = ЧП Кондратьева Л.Г.; ИНН = 531101845986; CUSTOMER_ID = 11752040004
 Сопоставление:  запись Наименование1 = ИП Синицин Ю.А.; ИНН = 531103059265; CUSTOMER_ID = 9941040004
 Сопоставление:  запись Наименование1 = федеральное казённое  учреждение "Исправительная колония №9 Управления .федеральной службы исполнения наказаний по  Новгородской области"; ИНН = 5312003133; CUSTOMER_ID = 1445040004
 Сопоставление:  запись Наименование1 = ООО " Парфиногазсервис"; ИНН = 5312003800; CUSTOMER_ID = 8667040004
 Сопоставление:  запись Наименование1 = ООО "Парфинский фанерный комбинат"; ИНН = 5312004680; CUSTOMER_ID = 5809040004
 Сопоставление:  запись Наименование1 = МАДОУ детский сад общеразвивающего вида №6 "Солнышко" г.Пестово; ИНН = 5313003270; CUSTOMER_ID = 2986040004
 Сопоставление:  запись Наименование1 = МАДОУ детский сад комбинированного вида №5  "Полянка" г. Пестово; ИНН = 5313003810; CUSTOMER_ID = 2984040004
 Сопоставление:  запись Наименование1 = МАОУ СОШ № 6  г. Пестово; ИНН = 5313003915; CUSTOMER_ID = 2998040004
 Сопоставление:  запись Наименование1 = МАОУ СОШ № 2 г. Пестово; ИНН = 5313004267; CUSTOMER_ID = 2985040004
 Сопоставление:  запись Наименование1 = МАДОУ детский сад №2 "Улыбка" г. Пестово; ИНН = 5313004429; CUSTOMER_ID = 2983040004
 Сопоставление:  запись Наименование1 = ООО "ДЭП - 53" г.Пестово; ИНН = 5313007557; CUSTOMER_ID = 2318040004
 Сопоставление:  запись Наименование1 = ГОБУЗ "Солецкая ЦРБ"; ИНН = 5315000613; CUSTOMER_ID = 5799040004
 Сопоставление:  запись Наименование1 = МОМВД России  "Хвойнинский"; ИНН = 5316006030; CUSTOMER_ID = 8158040004
 Сопоставление:  запись Наименование1 = ООО "ОКА"; ИНН = 7802756281; CUSTOMER_ID = 11092040004
 Сопоставление:  запись Наименование1 = Филиал ЗАО "СГРС" - "СГРС - ВАЛДАЙ"; ИНН = 5302000750; CUSTOMER_ID = 8945040004
 Сопоставление:  запись Наименование1 = государственное областное бюджетное образовательное учреждение для детей-сирот и детей, оставшихся без попечения родителей, детский дом-школа №7; ИНН = 5315003822; CUSTOMER_ID = 1041040004
 Сопоставление:  запись Наименование1 = МУП "ЖКХ "Солецкое"; ИНН = 5315005643; CUSTOMER_ID = 11320040004
 Сопоставление:  запись Наименование1 = ГОБУЗ  "Хвойнинская ЦРБ"; ИНН = 5316000479; CUSTOMER_ID = 6712040004
 Сопоставление:  запись Наименование1 = ОБУ "Хвойнинская  райветстанция "; ИНН = 5316004730; CUSTOMER_ID = 2334040004
 Сопоставление:  запись Наименование1 = ООО "Хвойнинское ДЭП"; ИНН = 5316005043; CUSTOMER_ID = 2722040004
 Сопоставление:  запись Наименование1 = ООО "АЛЕКС.Г."; ИНН = 5316005300; CUSTOMER_ID = 2377040004
 Сопоставление:  запись Наименование1 = ООО "Холмское ДЭП"; ИНН = 5317001098; CUSTOMER_ID = 702040004
 Сопоставление:  запись Наименование1 = Муниципальное автономное дошкольное образовательное учреждение "Детский сад комбинированного вида" г.Холма; ИНН = 5317002655; CUSTOMER_ID = 1064040004
 Сопоставление:  запись Наименование1 = Чудовское РАЙПО; ИНН = 5318000097; CUSTOMER_ID = 8693040004
 Сопоставление:  запись Наименование1 = ИП Антонов Н.Н.; ИНН = 531800011743; CUSTOMER_ID = 2050040004
 Сопоставление:  запись Наименование1 = ГОБС (К) ОУ школа-интернат VIII вида №10; ИНН = 5318001037; CUSTOMER_ID = 8112040004
 Сопоставление:  запись Наименование1 = ООО"Базис"; ИНН = 5318006444; CUSTOMER_ID = 9584040004
 Сопоставление:  запись Наименование1 = ГОБУЗ" Центр общей врачебной практики поселка Краснофарфорный"; ИНН = 5318007173; CUSTOMER_ID = 5929040004
 Сопоставление:  запись Наименование1 = ООО"НОРД"; ИНН = 5318009445; CUSTOMER_ID = 11255040004
 Сопоставление:  запись Наименование1 = ГОБУЗ  "Шимская ЦРБ"; ИНН = 5319001833; CUSTOMER_ID = 5553040004
 Сопоставление:  запись Наименование1 = ОБУСО"Шимский СП"; ИНН = 5319004136; CUSTOMER_ID = 10788040004
 Сопоставление:  запись Наименование1 = Шимское районное потребительское общество; ИНН = 5319005098; CUSTOMER_ID = 11342040004
 Сопоставление:  запись Наименование1 = ИП Малышева Л.В.; ИНН = 532000004210; CUSTOMER_ID = 799040004
 Сопоставление:  запись Наименование1 = ОАО "Мстатор"; ИНН = 5320002221; CUSTOMER_ID = 101040004
 Сопоставление:  запись Наименование1 = ИП Мамедов О.О.; ИНН = 532000654680; CUSTOMER_ID = 585040004
 Сопоставление:  запись Наименование1 = МАОУ СОШ №4; ИНН = 5320007759; CUSTOMER_ID = 711040004
 Сопоставление:  запись Наименование1 = МАОУ СОШ №11 с углубленным изучением экономики и биологии; ИНН = 5320007822; CUSTOMER_ID = 647040004
 Сопоставление:  запись Наименование1 = ГОБС(К) ОУ с (к) школа VIII вида №1; ИНН = 5320007830; CUSTOMER_ID = 1954040004
 Сопоставление:  запись Наименование1 = МАОУ "Гимназия"; ИНН = 5320007935; CUSTOMER_ID = 668040004
 Сопоставление:  запись Наименование1 = МБУ ДОД "Боровичская ДШИ им. А.К.Лядова"; ИНН = 5320008047; CUSTOMER_ID = 190040004
 Сопоставление:  запись Наименование1 = ОАОУ СПО Боровичский педагогический колледж; ИНН = 5320008921; CUSTOMER_ID = 1950040004
 Сопоставление:  запись Наименование1 = МАУК "МДНТ"; ИНН = 5320008960; CUSTOMER_ID = 1260040004
 Сопоставление:  запись Наименование1 = ОАОУ НПО " ПУ № 18"; ИНН = 5320009266; CUSTOMER_ID = 3382040004
 Сопоставление:  запись Наименование1 = Муниципальное бюджетное учреждение культуры "Городской Дом культуры"; ИНН = 5320009308; CUSTOMER_ID = 672040004
 Сопоставление:  запись Наименование1 = МАДОУ ДСКВ №1; ИНН = 5320010085; CUSTOMER_ID = 2237040004
 Сопоставление:  запись Наименование1 = МБДОУКВ детский сад № 18; ИНН = 5320010166; CUSTOMER_ID = 11029040004
 Сопоставление:  запись Наименование1 = ГОБОУ детский дом-школа №1; ИНН = 5320012396; CUSTOMER_ID = 4995040004
 Сопоставление:  запись Наименование1 = МАДОУ Детский  сад № 12; ИНН = 5320013953; CUSTOMER_ID = 380040004
 Сопоставление:  запись Наименование1 = ЗАО "ЗЕНИТ"; ИНН = 5320014026; CUSTOMER_ID = 1482040004
 Сопоставление:  запись Наименование1 = МАУ ДОЛ "Дуденево"; ИНН = 5320014121; CUSTOMER_ID = 3457040004
 Сопоставление:  запись Наименование1 = ГОБУЗ "Боровичский Дом ребенка"; ИНН = 5320014146; CUSTOMER_ID = 264040004
 Сопоставление:  запись Наименование1 = ГОБОУ "ЦПМСС №1"; ИНН = 5320014354; CUSTOMER_ID = 3621040004
 Сопоставление:  запись Наименование1 = Государственное учреждение - Управление Пенсионного Фонда Российской Федерациии в Боровичском районе Новгородской области (межрайонное); ИНН = 5320015380; CUSTOMER_ID = 966040004
 Сопоставление:  запись Наименование1 = ОБУСО "Боровичский СП"; ИНН = 5320015830; CUSTOMER_ID = 4531040004
 Сопоставление:  запись Наименование1 = ОАОУ СПО "Боровичский медицинский колледж имени А.А. Кокорина"; ИНН = 5320015894; CUSTOMER_ID = 2009040004
 Сопоставление:  запись Наименование1 = ООО "Крестьянское хозяйство Яковлева С.А."; ИНН = 5320016016; CUSTOMER_ID = 728040004
 Сопоставление:  запись Наименование1 = ООО "Боровическое ПАТП"; ИНН = 5320016954; CUSTOMER_ID = 1167040004
 Сопоставление:  запись Наименование1 = ООО"Эльбор - Инструмент""; ИНН = 5320016739; CUSTOMER_ID = 2281040004
 Сопоставление:  запись Наименование1 = ГОБУЗ "ЦОВ(с)П Кончанская амбулатория"; ИНН = 5320017080; CUSTOMER_ID = 1488040004
 Сопоставление:  запись Наименование1 = АНО "Стоматологическая поликлиника г. Боровичи"; ИНН = 5320017620; CUSTOMER_ID = 5265040004
 Сопоставление:  запись Наименование1 = ТСЖ "Лидер"; ИНН = 5320017980; CUSTOMER_ID = 2132040004
 Сопоставление:  запись Наименование1 = ГОБУЗ "ЦОВ(С)П Прогресская амбулатория"; ИНН = 5320018687; CUSTOMER_ID = 7185040004
 Сопоставление:  запись Наименование1 = ООО " Комфорт-Плюс"; ИНН = 5320020380; CUSTOMER_ID = 8644040004
 Сопоставление:  запись Наименование1 = ГОБУЗ " ЦОВсП Опеченская амбулатория "; ИНН = 5320020502; CUSTOMER_ID = 2223040004
 Сопоставление:  запись Наименование1 = ООО "Фортуна"; ИНН = 5320021471; CUSTOMER_ID = 2981040004
 Сопоставление:  запись Наименование1 = ООО"БорПожАудит"; ИНН = 5320021739; CUSTOMER_ID = 9278040004
 Сопоставление:  запись Наименование1 = ООО"Феникс"; ИНН = 5320021746; CUSTOMER_ID = 11436040004
 Сопоставление:  запись Наименование1 = ООО " Союз НАФТОГАЗ"; ИНН = 5320023341; CUSTOMER_ID = 8768040004
 Сопоставление:  запись Наименование1 = ИП Прохорова Л.А.; ИНН = 532005753244; CUSTOMER_ID = 11544040004
 Сопоставление:  запись Наименование1 = Сергухина Л.Б.; ИНН = 532100007662; CUSTOMER_ID = 8843040004
 Сопоставление:  запись Наименование1 = ЧП Лаптева С.Б.; ИНН = 532100201525; CUSTOMER_ID = 2499040004
 Сопоставление:  запись Наименование1 = ООО "Карналлит"; ИНН = 5321002721; CUSTOMER_ID = 7924040004
 Сопоставление:  запись Наименование1 = ИП Семенов Д.А.; ИНН = 532100387453; CUSTOMER_ID = 614040004
 Сопоставление:  запись Наименование1 = ОАУСО"Новгородский ЦСА"; ИНН = 5321013956; CUSTOMER_ID = 9409040004
 Сопоставление:  запись Наименование1 = ИП Козлов М.В.; ИНН = 532101419901; CUSTOMER_ID = 2428040004
 Сопоставление:  запись Наименование1 = ГОБУЗ Новгородский областной наркологический диспансер "Катарсис"; ИНН = 5321027973; CUSTOMER_ID = 5556040004
 Сопоставление:  запись Наименование1 = ООО "ФЕРРУМ"; ИНН = 5321028085; CUSTOMER_ID = 8638040004
 Сопоставление:  запись Наименование1 = ФГБОУ "НовГУ имени Ярослава Мудрого"; ИНН = 5321033744; CUSTOMER_ID = 5591040004
 Сопоставление:  запись Наименование1 = ОАО "Новгородоблэлектро" Валдайский филиал; ИНН = 5321037717; CUSTOMER_ID = 8766040004
 Сопоставление:  запись Наименование1 = 12-й отряд противопожарной службы Новгородской области ГОКУ "Управление ЗНЧС и ПБ Новгородской области"; ИНН = 5321037989; CUSTOMER_ID = 1514040004
 Сопоставление:  запись Наименование1 = 14-й отряд противопожарной службы Новгородской области ГОКУ "Управление ЗНЧС и ПБ Новгородской области"; ИНН = 5321037989; CUSTOMER_ID = 8941040004
 Сопоставление:  запись Наименование1 = МАОУ " Гимназия " Новоскул"; ИНН = 5321038365; CUSTOMER_ID = 10095040004
 Сопоставление:  запись Наименование1 = ФКУ ФМС России" ЦВР, г. Великий Новгород "; ИНН = 5321038608; CUSTOMER_ID = 7690040004
 Сопоставление:  запись Наименование1 = Бойцов Владимир Васильевич; ИНН = 532104076258; CUSTOMER_ID = 3855040004
 Сопоставление:  запись Наименование1 = Жилищно-строительный кооператив №20; ИНН = 5321046486; CUSTOMER_ID = 9787040004
 Сопоставление:  запись Наименование1 = МАДОУ "Детский сад №9 "Журавлик" компенсирующего вида"; ИНН = 5321047458; CUSTOMER_ID = 7410040004
 Сопоставление:  запись Наименование1 = МАДОУ "Детский сад №63 общеразвивающего вида"; ИНН = 5321047539; CUSTOMER_ID = 6449040004
 Сопоставление:  запись Наименование1 = МАДОУ Д/с № 75 "Дельфин"; ИНН = 5321047578; CUSTOMER_ID = 3912040004
 Сопоставление:  запись Наименование1 = МАДОУ "Детский сад № 93 "Огонек" компенсирующего вида"; ИНН = 5321047673; CUSTOMER_ID = 3420040004
 Сопоставление:  запись Наименование1 = МАДОУ "Детский сад №67"; ИНН = 5321047747; CUSTOMER_ID = 7813040004
 Сопоставление:  запись Наименование1 = МАДОУ "Детский сад №40 "Алёнушка" общеразвивающего вида"; ИНН = 5321047793; CUSTOMER_ID = 6900040004
 Сопоставление:  запись Наименование1 = МАДОУ "Детский сад № 81 "Солнышко" комбинированного вида"; ИНН = 5321047948; CUSTOMER_ID = 7848040004
 Сопоставление:  запись Наименование1 = МАДОУ"Центр развития ребенка -  детский сад №94 "Улыбка"; ИНН = 5321047970; CUSTOMER_ID = 8464040004
 Сопоставление:  запись Наименование1 = школа-интернат I-II вида № 4; ИНН = 5321048444; CUSTOMER_ID = 6290040004
 Сопоставление:  запись Наименование1 = Облластное автономное учреждение социального обслуживания"Реабилитационный центр для детей и подростков с ограниченными возможностями "Юрьево"; ИНН = 5321054913; CUSTOMER_ID = 5429040004
 Сопоставление:  запись Наименование1 = ООО"Возрождение плюс"; ИНН = 5321055427; CUSTOMER_ID = 5879040004
 Сопоставление:  запись Наименование1 = ФГУП "Новгородское ПРОП" Минтруда России; ИНН = 5321058379; CUSTOMER_ID = 7865040004
 Сопоставление:  запись Наименование1 = ЗАО "Инжсервис"; ИНН = 5321058410; CUSTOMER_ID = 7873040004
 Сопоставление:  запись Наименование1 = ЗАО МЦ "Выбор"; ИНН = 5321058717; CUSTOMER_ID = 5334040004
 Сопоставление:  запись Наименование1 = ОАУСО "Реабилитационный центр для детей и подростков с ограниченными возможностями "Виктория"; ИНН = 5321059710; CUSTOMER_ID = 8298040004
 Сопоставление:  запись Наименование1 = филиал Новоблпотребсоюз "Холмское райпо"; ИНН = 5321060586; CUSTOMER_ID = 320040004
 Сопоставление:  запись Наименование1 = Филиал Новгородоблпотребсоюза "Боровичская межрайонная торговая база"; ИНН = 5321060586; CUSTOMER_ID = 4213040004
 Сопоставление:  запись Наименование1 = Филиал  Новоблпотребсоюза "Новгородское РАЙПО"; ИНН = 5321060586; CUSTOMER_ID = 7984040004
 Сопоставление:  запись Наименование1 = Филиал НОПС "Крестецкое РАЙПО"; ИНН = 5321060586; CUSTOMER_ID = 8679040004
 Сопоставление:  запись Наименование1 = ООО  ПКФ "Новхол"; ИНН = 5321061942; CUSTOMER_ID = 8304040004
 Сопоставление:  запись Наименование1 = ООО"ЛАДА ПЛЮС"; ИНН = 5321062671; CUSTOMER_ID = 10624040004
 Сопоставление:  запись Наименование1 = МАДОУ Детский сад №1 "Калинка общеобразовательного вида"; ИНН = 5321063347; CUSTOMER_ID = 8922040004
 Сопоставление:  запись Наименование1 = ИП Грунёва М.Н.; ИНН = 532106344801; CUSTOMER_ID = 10044040004
 Сопоставление:  запись Наименование1 = ГОБУЗ  "Центр медицинской профилактики"; ИНН = 5321063788; CUSTOMER_ID = 5188040004
 Сопоставление:  запись Наименование1 = ГОБУЗ "ОКОД"; ИНН = 5321064380; CUSTOMER_ID = 9320040004
 Сопоставление:  запись Наименование1 = ЗАО "Строительное управление-5"; ИНН = 5321065680; CUSTOMER_ID = 5855040004
 Сопоставление:  запись Наименование1 = ООО"Новинвент-Вест"; ИНН = 5321067990; CUSTOMER_ID = 11176040004
 Сопоставление:  запись Наименование1 = ООО"Фасад Плюс"; ИНН = 5321068218; CUSTOMER_ID = 9868040004
 Сопоставление:  запись Наименование1 = ООО"Полилайн"; ИНН = 5321068352; CUSTOMER_ID = 9784040004
 Сопоставление:  запись Наименование1 = ИП Лубнина Г.В; ИНН = 532106892004; CUSTOMER_ID = 5898040004
 Сопоставление:  запись Наименование1 = ООО "Северная Поляна"; ИНН = 5321069941; CUSTOMER_ID = 10890040004
 Сопоставление:  запись Наименование1 = ООО "Новгородское СРП "Видеокон" ВОГ"; ИНН = 5321070418; CUSTOMER_ID = 1836040004
 Сопоставление:  запись Наименование1 = МАОУ СОШ "Комплекс "Гармония"; ИНН = 5321070721; CUSTOMER_ID = 7819040004
 Сопоставление:  запись Наименование1 = МАДОУ Детский сад №5 "Надежда"компенсирующего вида"; ИНН = 5321072574; CUSTOMER_ID = 7780040004
 Сопоставление:  запись Наименование1 = ООО"Нория"; ИНН = 5321073112; CUSTOMER_ID = 11719040004
 Сопоставление:  запись Наименование1 = ООО "Новмедсервис"; ИНН = 5321073200; CUSTOMER_ID = 4993040004
 Сопоставление:  запись Наименование1 = ФГУ "Новгородводхоз"; ИНН = 5321075102; CUSTOMER_ID = 8823040004
 Сопоставление:  запись Наименование1 = ООО"Вест-Телеком"; ИНН = 5321077237; CUSTOMER_ID = 11317040004
 Сопоставление:  запись Наименование1 = ЗАО "Карат"; ИНН = 5321077438; CUSTOMER_ID = 1903040004
 Сопоставление:  запись Наименование1 = ООО"АЙРОН"; ИНН = 5321077822; CUSTOMER_ID = 7328040004
 Сопоставление:  запись Наименование1 = ООО"Волна-Анкор"; ИНН = 5321078897; CUSTOMER_ID = 9864040004
 Сопоставление:  запись Наименование1 = ООО "Нов-Дента"; ИНН = 5321081018; CUSTOMER_ID = 1474040004
 Сопоставление:  запись Наименование1 = ГУ УПФ РФ в г. В.Новгороде Новгородской области (межрайонное); ИНН = 5321081709; CUSTOMER_ID = 1329040004
 Сопоставление:  запись Наименование1 = ЗАО "Фирма Ригель"; ИНН = 5321087958; CUSTOMER_ID = 8756040004
 Сопоставление:  запись Наименование1 = ООО "НОВАРМИНВЕСТ"; ИНН = 5321088278; CUSTOMER_ID = 8932040004
 Сопоставление:  запись Наименование1 = ООО МЦ "Авиценна"; ИНН = 5321088990; CUSTOMER_ID = 5762040004
 Сопоставление:  запись Наименование1 = ООО "НОВМЕД"; ИНН = 5321089112; CUSTOMER_ID = 6369040004
 Сопоставление:  запись Наименование1 = ООО "Поликлиника "Волна"; ИНН = 5321089546; CUSTOMER_ID = 7204040004
 Сопоставление:  запись Наименование1 = ООО "АСТ"; ИНН = 5321090679; CUSTOMER_ID = 11728040004
 Сопоставление:  запись Наименование1 = ОАО НПП "Старт"; ИНН = 5321091136; CUSTOMER_ID = 3615040004
 Сопоставление:  запись Наименование1 = ООО "Терминал-Сервис"; ИНН = 5321091320; CUSTOMER_ID = 2022040004
 Сопоставление:  запись Наименование1 = ООО "Специализированная транспортная компания"; ИНН = 5321091908; CUSTOMER_ID = 1798040004
 Сопоставление:  запись Наименование1 = Управление ФСКН России по Новгородской области; ИНН = 5321093140; CUSTOMER_ID = 7439040004
 Сопоставление:  запись Наименование1 = ОБУ "Новгородская облветлаборатория"; ИНН = 5321095211; CUSTOMER_ID = 8928040004
 Сопоставление:  запись Наименование1 = ООО " СЛАВИН"; ИНН = 5321095476; CUSTOMER_ID = 10526040004
 Сопоставление:  запись Наименование1 = ООО Медицинский центр общей практики "Доктор+"; ИНН = 5321096906; CUSTOMER_ID = 6991040004
 Сопоставление:  запись Наименование1 = Новгородское областное государственное бюджетное  учреждение по обслуживанию водных объектов "Облводобъект"; ИНН = 5321097177; CUSTOMER_ID = 1841040004
 Сопоставление:  запись Наименование1 = И.П. Кудаева М.П.; ИНН = 532109895003; CUSTOMER_ID = 7803040004
 Сопоставление:  запись Наименование1 = ООО Торговый Комплекс  "Сплав"; ИНН = 5321099914; CUSTOMER_ID = 1422040004
 Сопоставление:  запись Наименование1 = ООО "Теплоэнергосервис"; ИНН = 5321100454; CUSTOMER_ID = 3331040004
 Сопоставление:  запись Наименование1 = ООО "РЕКОН"; ИНН = 5321101144; CUSTOMER_ID = 10417040004
 Сопоставление:  запись Наименование1 = ООО "Новтуринвест - Ильмень"; ИНН = 5321105220; CUSTOMER_ID = 10930040004
 Сопоставление:  запись Наименование1 = ООО "Новкоммунсервис"; ИНН = 5321105491; CUSTOMER_ID = 7584040004
 Сопоставление:  запись Наименование1 = ООО"СЕАД ПЛЮС"; ИНН = 5321105903; CUSTOMER_ID = 9713040004
 Сопоставление:  запись Наименование1 = ООО"РЭМ"; ИНН = 5321101899; CUSTOMER_ID = 9190040004
 Сопоставление:  запись Наименование1 = ФКУ "Центр ГИМС МЧС России по Новгородской области"; ИНН = 5321102532; CUSTOMER_ID = 5207040004
 Сопоставление:  запись Наименование1 = ООО "Новгород Билефельд Металл"; ИНН = 5321108414; CUSTOMER_ID = 6432040004
 Сопоставление:  запись Наименование1 = ФГБУ СЭУ ФПС ИПЛ по Новгородской области; ИНН = 5321108319; CUSTOMER_ID = 10288040004
 Сопоставление:  запись Наименование1 = ФКУЗ "МСЧ МВД России по Новгородской области"; ИНН = 5321107379; CUSTOMER_ID = 8779040004
 Сопоставление:  запись Наименование1 = ООО"Урарту"; ИНН = 5321108943; CUSTOMER_ID = 10277040004
 Сопоставление:  запись Наименование1 = ООО " Причуда"; ИНН = 5321109538; CUSTOMER_ID = 7121040004
 Сопоставление:  запись Наименование1 = ООО " Волна"; ИНН = 5321113510; CUSTOMER_ID = 10340040004
 Сопоставление:  запись Наименование1 = ООО" МИДАС-ЛОМБАРД"; ИНН = 5321112957; CUSTOMER_ID = 7080040004
 Сопоставление:  запись Наименование1 = ООО "МСЗ - Акрон"; ИНН = 5321114129; CUSTOMER_ID = 6387040004
 Сопоставление:  запись Наименование1 = Отдел Мошенское лесничество комитета лесного хозяйства и лесной промышленности Новгородской области; ИНН = 5321114249; CUSTOMER_ID = 2303040004
 Сопоставление:  запись Наименование1 = ООО "Новгородрегионэкопроект"; ИНН = 5321115387; CUSTOMER_ID = 9207040004
 Сопоставление:  запись Наименование1 = ООО"Медицинский  центр "Альтернатива "; ИНН = 5321116380; CUSTOMER_ID = 7925040004
 Сопоставление:  запись Наименование1 = ООО " Новгородская энергосберегающая компания"; ИНН = 5321116743; CUSTOMER_ID = 8867040004
 Сопоставление:  запись Наименование1 = ООО"Ломбард -Кристалл"; ИНН = 5321116937; CUSTOMER_ID = 7679040004
 Сопоставление:  запись Наименование1 = ОАО "Автоспецоборудование"; ИНН = 5321117232; CUSTOMER_ID = 5847040004
 Сопоставление:  запись Наименование1 = ООО " РОСТРА "; ИНН = 5321117659; CUSTOMER_ID = 10361040004
 Сопоставление:  запись Наименование1 = ООО  "ПО Полилайн"; ИНН = 5321121302; CUSTOMER_ID = 6291040004
 Сопоставление:  запись Наименование1 = ООО "Империя кадров. Агентство кадровых технологий"; ИНН = 5321121461; CUSTOMER_ID = 7604040004
 Сопоставление:  запись Наименование1 = ООО " ВИП-ПЛЮС"; ИНН = 5321121567; CUSTOMER_ID = 10858040004
 Сопоставление:  запись Наименование1 = ООО "АВРО-Новгород"; ИНН = 5321121687; CUSTOMER_ID = 8972040004
 Сопоставление:  запись Наименование1 = ОАО "Новгородский врачебно-физкультурный диспансер"; ИНН = 5321122151; CUSTOMER_ID = 5583040004
 Сопоставление:  запись Наименование1 = ТСЖ "ФАКЕЛ"; ИНН = 5321122289; CUSTOMER_ID = 11859040004
 Сопоставление:  запись Наименование1 = ООО "Новгород - Торг"; ИНН = 5321122899; CUSTOMER_ID = 1243040004
 Сопоставление:  запись Наименование1 = ООО"Нужные люди"; ИНН = 5321123243; CUSTOMER_ID = 11163040004
 Сопоставление:  запись Наименование1 = ООО "Простор-М"; ИНН = 5321124230; CUSTOMER_ID = 7397040004
 Сопоставление:  запись Наименование1 = ООО "ПРП "Новгородэлектросетьремонт"; ИНН = 5321125160; CUSTOMER_ID = 7838040004
 Сопоставление:  запись Наименование1 = ИП Вусик Ю.С.; ИНН = 532112596596; CUSTOMER_ID = 11667040004
 Сопоставление:  запись Наименование1 = АНО ДПО "Промэнергобезопасность"; ИНН = 5321135471; CUSTOMER_ID = 8178040004
 Сопоставление:  запись Наименование1 = ИП Лазарева И.Т.; ИНН = 532112839337; CUSTOMER_ID = 5836040004
 Сопоставление:  запись Наименование1 = ООО"НПСК"; ИНН = 5321136080; CUSTOMER_ID = 10501040004
 Сопоставление:  запись Наименование1 = ООО "РАДУГА ВЕЛИКИЙ НОВГОРОД"; ИНН = 5321146770; CUSTOMER_ID = 11310040004
 Сопоставление:  запись Наименование1 = ИП " Хаметова Н.А.; ИНН = 532114703878; CUSTOMER_ID = 10368040004
 Сопоставление:  запись Наименование1 = ООО"ФОРТУНА"; ИНН = 5321148696; CUSTOMER_ID = 11381040004
 Сопоставление:  запись Наименование1 = ООО"Техносервис"; ИНН = 5321149682; CUSTOMER_ID = 11165040004
 Сопоставление:  запись Наименование1 = ООО "Новгородская Промышленная Группа; ИНН = 5321150141; CUSTOMER_ID = 8923040004
 Сопоставление:  запись Наименование1 = ООО"СТО НОВГОРОД- ЛАДА"; ИНН = 5321150198; CUSTOMER_ID = 12047040004
 Сопоставление:  запись Наименование1 = ООО "Центр репродуктивного здоровья»; ИНН = 5321150462; CUSTOMER_ID = 11753040004
 Сопоставление:  запись Наименование1 = ООО"СКК"; ИНН = 5321151843; CUSTOMER_ID = 11299040004
 Сопоставление:  запись Наименование1 = ООО "МПАТП-1"; ИНН = 5321152660; CUSTOMER_ID = 2615040004
 Сопоставление:  запись Наименование1 = ООО «Деймос»; ИНН = 5321153985; CUSTOMER_ID = 1541040004
 Сопоставление:  запись Наименование1 = ООО"Торговый мир"; ИНН = 5321154770; CUSTOMER_ID = 10832040004
 Сопоставление:  запись Наименование1 = ООО"Концепция КФ"; ИНН = 5321154964; CUSTOMER_ID = 10772040004
 Сопоставление:  запись Наименование1 = ГОБУЗ "Новгородская станция скорой медицинской помощи"; ИНН = 5321155580; CUSTOMER_ID = 9475040004
 Сопоставление:  запись Наименование1 = ИП Никифорова Т.И. " Чайная ложка "; ИНН = 532116078034; CUSTOMER_ID = 8065040004
 Сопоставление:  запись Наименование1 = ООО"Амазония Плюс"; ИНН = 5321161305; CUSTOMER_ID = 6370040004
 Сопоставление:  запись Наименование1 = ИП Крылов А.А.; ИНН = 532116540001; CUSTOMER_ID = 9910040004
 Сопоставление:  запись Наименование1 = ИП Малышева Е,В,; ИНН = 532120456031; CUSTOMER_ID = 10505040004
 Сопоставление:  запись Наименование1 = ИП Андриянов  Александр Николаевич; ИНН = 532200001230; CUSTOMER_ID = 1034040004
 Сопоставление:  запись Наименование1 = ИП Смородин И.М.; ИНН = 532200009663; CUSTOMER_ID = 556040004
 Сопоставление:  запись Наименование1 = ООО "Северная компания"; ИНН = 7810183813; CUSTOMER_ID = 9860040004
 Сопоставление:  запись Наименование1 = ИП Хамяляйнен М.А.; ИНН = 532200015360; CUSTOMER_ID = 1552040004
 Сопоставление:  запись Наименование1 = ИП Кутовой А.А.; ИНН = 532200034846; CUSTOMER_ID = 9641040004
 Сопоставление:  запись Наименование1 = ИП Кутовой А,А,; ИНН = 532200078410; CUSTOMER_ID = 9644040004
 Сопоставление:  запись Наименование1 = ИП Кокшарова И.П.; ИНН = 532200099441; CUSTOMER_ID = 10214040004
 Сопоставление:  запись Наименование1 = ПБОЮЛ Торанян Г.М.; ИНН = 532200144479; CUSTOMER_ID = 218040004
 Сопоставление:  запись Наименование1 = ИП Иванова Г.И.; ИНН = 532200174628; CUSTOMER_ID = 9705040004
 Сопоставление:  запись Наименование1 = РКФХ ШИТИКО В.Н.; ИНН = 532200224942; CUSTOMER_ID = 154040004
 Сопоставление:  запись Наименование1 = ИП Хмелев Р,В,; ИНН = 532200378075; CUSTOMER_ID = 9646040004
 Сопоставление:  запись Наименование1 = ЗАО "Курорт Старая Русса"; ИНН = 5322004369; CUSTOMER_ID = 1451040004
 Сопоставление:  запись Наименование1 = И.П. Смолянкова Г.И.; ИНН = 761017866291; CUSTOMER_ID = 9441040004
 Сопоставление:  запись Наименование1 = Филиал Общества с ограниченной ответственностью "РУМБ- АНТЭКС" "Пансионат "Северное Сияние"; ИНН = 7702100432; CUSTOMER_ID = 187040004
 Сопоставление:  запись Наименование1 = Октябрьский центр метрологии - структурное подразделение Октябрьской железной дороги - филиала ОАО "РЖД"; ИНН = 7708503727; CUSTOMER_ID = 11055040004
 Сопоставление:  запись Наименование1 = СПб ДМТО Росжелдорснаба - филиал ОАО "РЖД"; ИНН = 7708503727; CUSTOMER_ID = 1227040004
 Сопоставление:  запись Наименование1 = Филиал ФГБУ "Россельхозцентр" по Новгородской области; ИНН = 7708652888; CUSTOMER_ID = 1483040004
 Сопоставление:  запись Наименование1 = Чудовский завод ЖБШ - филиал ОАО "БЭТ"; ИНН = 7708669867; CUSTOMER_ID = 8883040004
 Сопоставление:  запись Наименование1 = Филиал ОАО "РЭУ" "Псковский"; ИНН = 7714783092; CUSTOMER_ID = 8329040004
 Сопоставление:  запись Наименование1 = Управление специальной связи по Новгородской области   - Филиал ФГУП "ГЦСС"; ИНН = 7717043113; CUSTOMER_ID = 1388040004
 Сопоставление:  запись Наименование1 = УФПС Новгородской области - филиал ФГУП "Почта России" ОСП  Боровичский почтамт; ИНН = 7724261610; CUSTOMER_ID = 1472040004
 Сопоставление:  запись Наименование1 = Филиал ФБУ "ЦЛАТИ по Северо-Западному ФО" - "ЦЛАТИ по Новгородской области"; ИНН = 7801258484; CUSTOMER_ID = 4747040004
 Сопоставление:  запись Наименование1 = Новгородский филиал ООО " Эффективные инвестиции - УК "; ИНН = 7702735560; CUSTOMER_ID = 9274040004
 Сопоставление:  запись Наименование1 = ЗАО "СПЛАВ-М"; ИНН = 5321081057; CUSTOMER_ID = 1073040004
 Сопоставление:  запись Наименование1 = ООО"А- текс"; ИНН = 5321081635; CUSTOMER_ID = 9816040004
 Сопоставление:  запись Наименование1 = ООО "Славянская трапеза" (кафе "Трактир"); ИНН = 5321108510; CUSTOMER_ID = 10627040004
 Сопоставление:  запись Наименование1 = ООО " УТ ЛЕНВО " Великий Новгород; ИНН = 5321143666; CUSTOMER_ID = 9668040004
 Сопоставление:  запись Наименование1 = Новгородское отделение № 8629 ОАО "Сбербанк России"; ИНН = 7707083893; CUSTOMER_ID = 9137040004
 Сопоставление:  запись Наименование1 = Октябрьская дирекция пассажирских обустройств - структурное подразделение Центральной дирекции пассажирских обустройств - филиал  ОАО " РЖД"; ИНН = 7708503727; CUSTOMER_ID = 9878040004
 Сопоставление:  запись Наименование1 = МАДОУ Детский сад №25 компенсирующего вида; ИНН = 5321054159; CUSTOMER_ID = 7781040004
 Сопоставление:  запись = Метрологический отдел  г.В.Новгород
 Сопоставление:  запись = Поверка приборов ТТИ
 Сопоставление:  запись = Поверка приборов МГИ 
 Сопоставление:  запись = Поверка приборов ЭРТИ
 Сопоставление:  запись = Метрологический отдел  г.Боровичи
 Сопоставление:  запись = Поверка приборов Боровичи
Изменен Акт об оказании услуг 460\2067 от 02.06.2014 0:00:00
Изменен Акт об оказании услуг 460\2067 от 02.06.2014 0:00:00
Изменен Акт об оказании услуг 460\2238 от 02.06.2014 0:00:00
Изменен Акт об оказании услуг 460\2067 от 02.06.2014 0:00:00
Изменен Акт об оказании услуг 460\2067 от 02.06.2014 0:00:00
Изменен Акт об оказании услуг 460\2067 от 02.06.2014 0:00:00
Изменен Акт об оказании услуг 460\2067 от 02.06.2014 0:00:00
Изменен Акт об оказании услуг 460\2067 от 02.06.2014 0:00:00
Изменен Акт об оказании услуг 460\2067 от 02.06.2014 0:00:00
Изменен Акт об оказании услуг 460\2067 от 02.06.2014 0:00:00
Изменен Акт об оказании услуг 460\2067 от 02.06.2014 0:00:00
Изменен Акт об оказании услуг 460\2067 от 02.06.2014 0:00:00
Изменен Акт об оказании услуг 460\2067 от 02.06.2014 0:00:00
Изменен Акт об оказании услуг 460\2067 от 02.06.2014 0:00:00
Изменен Акт об оказании услуг 460\2067 от 02.06.2014 0:00:00
Изменен Акт об оказании услуг 460\2067 от 02.06.2014 0:00:00
Изменен Акт об оказании услуг 460\2067 от 02.06.2014 0:00:00
Изменен Акт об оказании услуг 460\2067 от 02.06.2014 0:00:00
Изменен Акт об оказании услуг 460\2067 от 02.06.2014 0:00:00
Изменен Акт об оказании услуг 460\2067 от 02.06.2014 0:00:00
Изменен Акт об оказании услуг 460\2067 от 02.06.2014 0:00:00
Изменен Акт об оказании услуг 460\2067 от 02.06.2014 0:00:00
Изменен Акт об оказании услуг 460\2067 от 02.06.2014 0:00:00
Изменен Акт об оказании услуг 460\2067 от 02.06.2014 0:00:00
Изменен Акт об оказании услуг 460\2067 от 02.06.2014 0:00:00
Изменен Акт об оказании услуг 460\2067 от 02.06.2014 0:00:00
Изменен Акт об оказании услуг 460\2067 от 02.06.2014 0:00:00
Изменен Акт об оказании услуг 460\2067 от 02.06.2014 0:00:00
Изменен Акт об оказании услуг 460\2067 от 02.06.2014 0:00:00
Изменен Акт об оказании услуг 460\2067 от 02.06.2014 0:00:00
 Удаление:  запись Наименование1 = ООО "ПТК-Сервис"; ИНН = 7826025442; CUSTOMER_ID = 1550040004
 Сопоставление:  запись Наименование1 = ООО "СТД "Петрович-Новгород"; ИНН = 5321137038; CUSTOMER_ID = 10154040004
 Сопоставление:  запись Наименование1 = ООО "СТД "Петрович-Новгород"; ИНН = 5321137038; CUSTOMER_ID = 2985040004
 Сопоставление:  запись Наименование1 = ООО "СТД "Петрович-Новгород"; ИНН = 5321137038; CUSTOMER_ID = 9243040004
 Сопоставление:  запись Наименование1 = ООО "ТК Новгородская"; ИНН = 5301003692; CUSTOMER_ID = 11101040004
 Сопоставление:  запись Наименование1 = ООО "ТК Новгородская"; ИНН = 5301003692; CUSTOMER_ID = 11223040004
